c:\users\andrea\documents\visual studio 2013\projects\sfml\sfmllearning\samplewindow\samplewindow\debug\vc120.pdb
c:\users\andrea\documents\visual studio 2013\projects\sfml\sfmllearning\samplewindow\samplewindow\debug\vc120.idb
c:\users\andrea\documents\visual studio 2013\projects\sfml\sfmllearning\samplewindow\samplewindow\debug\game.obj
c:\users\andrea\documents\visual studio 2013\projects\sfml\sfmllearning\samplewindow\samplewindow\debug\gameobjectmodel.obj
c:\users\andrea\documents\visual studio 2013\projects\sfml\sfmllearning\samplewindow\samplewindow\debug\inputhandler.obj
c:\users\andrea\documents\visual studio 2013\projects\sfml\sfmllearning\samplewindow\samplewindow\debug\main.obj
c:\users\andrea\documents\visual studio 2013\projects\sfml\sfmllearning\samplewindow\samplewindow\debug\player.obj
c:\users\andrea\documents\visual studio 2013\projects\sfml\sfmllearning\samplewindow\debug\tds_shooter.ilk
c:\users\andrea\documents\visual studio 2013\projects\sfml\sfmllearning\samplewindow\debug\tds_shooter.exe
c:\users\andrea\documents\visual studio 2013\projects\sfml\sfmllearning\samplewindow\debug\tds_shooter.pdb
c:\users\andrea\documents\visual studio 2013\projects\sfml\sfmllearning\tds_shooter\tds_shooter\debug\game.obj
c:\users\andrea\documents\visual studio 2013\projects\sfml\sfmllearning\tds_shooter\tds_shooter\debug\gameobjectmodel.obj
c:\users\andrea\documents\visual studio 2013\projects\sfml\sfmllearning\tds_shooter\tds_shooter\debug\inputhandler.obj
c:\users\andrea\documents\visual studio 2013\projects\sfml\sfmllearning\tds_shooter\tds_shooter\debug\main.obj
c:\users\andrea\documents\visual studio 2013\projects\sfml\sfmllearning\tds_shooter\tds_shooter\debug\player.obj
c:\users\andrea\documents\visual studio 2013\projects\sfml\sfmllearning\tds_shooter\tds_shooter\debug\vc120.idb
c:\users\andrea\documents\visual studio 2013\projects\sfml\sfmllearning\tds_shooter\tds_shooter\debug\vc120.pdb
c:\users\andrea\documents\visual studio 2013\projects\sfml\sfmllearning\tds_shooter\debug\tds_shooter.pdb
c:\users\andrea\documents\visual studio 2013\projects\sfml\sfmllearning\tds_shooter\debug\tds_shooter.exe
c:\users\andrea\documents\visual studio 2013\projects\sfml\sfmllearning\tds_shooter\debug\tds_shooter.ilk
c:\users\andrea\documents\visual studio 2013\projects\sfml\sfmllearning\tds_shooter\tds_shooter\debug\tds_shooter.tlog\cl.command.1.tlog
c:\users\andrea\documents\visual studio 2013\projects\sfml\sfmllearning\tds_shooter\tds_shooter\debug\tds_shooter.tlog\cl.read.1.tlog
c:\users\andrea\documents\visual studio 2013\projects\sfml\sfmllearning\tds_shooter\tds_shooter\debug\tds_shooter.tlog\cl.write.1.tlog
c:\users\andrea\documents\visual studio 2013\projects\sfml\sfmllearning\tds_shooter\tds_shooter\debug\tds_shooter.tlog\link.command.1.tlog
c:\users\andrea\documents\visual studio 2013\projects\sfml\sfmllearning\tds_shooter\tds_shooter\debug\tds_shooter.tlog\link.read.1.tlog
c:\users\andrea\documents\visual studio 2013\projects\sfml\sfmllearning\tds_shooter\tds_shooter\debug\tds_shooter.tlog\link.write.1.tlog
